#
# A fatal error has been detected by the Java Runtime Environment:
#
#  SIGSEGV (0xb) at pc=0xb69fcc83, pid=12159, tid=1948252992
#
# JRE version: Java(TM) SE Runtime Environment (8.0_11-b12) (build 1.8.0_11-b12)
# Java VM: Java HotSpot(TM) Server VM (25.11-b03 mixed mode linux-x86 )
# Problematic frame:
# V  [libjvm.so+0x1d1c83]  OopFlow::build_oop_map(Node*, int, PhaseRegAlloc*, int*)+0x143
#
# Failed to write core dump. Core dumps have been disabled. To enable core dumping, try "ulimit -c unlimited" before starting Java again
#
# If you would like to submit a bug report, please visit:
#   http://bugreport.sun.com/bugreport/crash.jsp
#

---------------  T H R E A D  ---------------

Current thread (0x748f3c00):  JavaThread "C2 CompilerThread0" daemon [_thread_in_native, id=12170, stack(0x7417f000,0x74200000)]

siginfo:si_signo=SIGSEGV: si_errno=0, si_code=1 (SEGV_MAPERR), si_addr=0x00000000

Registers:
EAX=0x097b6164, EBX=0xb7180900, ECX=0x097b6328, EDX=0x00000060
ESP=0x741fd964, EBP=0x741fd9c8, ESI=0x00000000, EDI=0x00000066
EIP=0xb69fcc83, EFLAGS=0x00010212, CR2=0x00000000

Top of Stack: (sp=0x741fd964)
0x741fd964:   00000071 b718ecc0 b718ecc0 748f3180
0x741fd974:   b76ebecb 08f99490 b6be620e b719abe0
0x741fd984:   00000000 00000300 0000000c 097b6340
0x741fd994:   092226bc 76b04290 00000060 00000008
0x741fd9a4:   00000006 741fd9d8 b6be5bf6 092226bc
0x741fd9b4:   092226bc 72cafa98 b7180900 092226bc
0x741fd9c4:   00000006 741fda18 b69fd272 097b6328
0x741fd9d4:   092226bc 00000070 741fe274 097b4308 

Instructions: (pc=0xb69fcc83)
0xb69fcc63:   39 f8 0f 8e a5 00 00 00 8b 83 c4 d0 ff ff 8b 04
0xb69fcc73:   b8 89 45 d4 8b 4d 08 83 ec 0c 8b 41 04 8b 34 b8
0xb69fcc83:   8b 06 56 ff 50 14 8b 8b a4 db ff ff 89 45 b0 83
0xb69fcc93:   c4 10 8b 50 08 8d 04 52 80 7c c1 0c 00 0f 85 3a 

Register to memory mapping:

EAX=0x097b6164 is an unknown value
EBX=0xb7180900: <offset 0x955900> in /usr/lib/jvm/jdk1.8.0_11/jre/lib/i386/server/libjvm.so at 0xb682b000
ECX=0x097b6328 is an unknown value
EDX=0x00000060 is an unknown value
ESP=0x741fd964 is pointing into the stack for thread: 0x748f3c00
EBP=0x741fd9c8 is pointing into the stack for thread: 0x748f3c00
ESI=0x00000000 is an unknown value
EDI=0x00000066 is an unknown value


Stack: [0x7417f000,0x74200000],  sp=0x741fd964,  free space=506k
Native frames: (J=compiled Java code, j=interpreted, Vv=VM code, C=native code)
V  [libjvm.so+0x1d1c83]  OopFlow::build_oop_map(Node*, int, PhaseRegAlloc*, int*)+0x143
V  [libjvm.so+0x1d2272]  OopFlow::compute_reach(PhaseRegAlloc*, int, Dict*)+0x222
V  [libjvm.so+0x1d2fe4]  Compile::BuildOopMaps()+0xc14
V  [libjvm.so+0x708fa7]  Compile::Output()+0x3e7
V  [libjvm.so+0x30c942]  Compile::Code_Gen()+0x322
V  [libjvm.so+0x311111]  Compile::Compile(ciEnv*, C2Compiler*, ciMethod*, int, bool, bool, bool)+0x1261
V  [libjvm.so+0x26e314]  C2Compiler::compile_method(ciEnv*, ciMethod*, int)+0x1b4
V  [libjvm.so+0x31a1f9]  CompileBroker::invoke_compiler_on_method(CompileTask*)+0xd19
V  [libjvm.so+0x31af9d]  CompileBroker::compiler_thread_loop()+0x5ad
V  [libjvm.so+0x811568]  compiler_thread_entry(JavaThread*, Thread*)+0x18
V  [libjvm.so+0x81b569]  JavaThread::thread_main_inner()+0x109
V  [libjvm.so+0x81b75e]  JavaThread::run()+0x1be
V  [libjvm.so+0x6f4249]  java_start(Thread*)+0x119
C  [libpthread.so.0+0x6f70]  start_thread+0xd0


Current CompileTask:
C2:  49165 5387       4       groovy.lang.MetaClassImpl::findPropertyMethod (356 bytes)


---------------  P R O C E S S  ---------------

Java Threads: ( => current thread )
  0x70dbf400 JavaThread "net.sf.ehcache.CacheManager@141b7b7" daemon [_thread_blocked, id=12238, stack(0x709af000,0x70a00000)]
  0x7138b000 JavaThread "PoolCleaner[28126743:1425310201325]" daemon [_thread_blocked, id=12234, stack(0x7200d000,0x7205e000)]
  0x725e1000 JavaThread "FileSystemWatcher: files=#119 cl=groovy.lang.GroovyClassLoader@1ad2e17" daemon [_thread_blocked, id=12221, stack(0x7235e000,0x723af000)]
  0x093f7c00 JavaThread "localhost-startStop-1" daemon [_thread_in_vm, id=12211, stack(0x724af000,0x72500000)]
  0x727f4400 JavaThread "Tomcat-startStop-1" daemon [_thread_blocked, id=12210, stack(0x72e30000,0x72e81000)]
  0x727a2800 JavaThread "Thread-3" [_thread_in_native, id=12209, stack(0x72eaf000,0x72f00000)]
  0x7345ac00 JavaThread "Thread-2" [_thread_blocked, id=12205, stack(0x73b5e000,0x73baf000)]
  0x73d7ac00 JavaThread "NonBlockingInputStreamThread" daemon [_thread_blocked, id=12191, stack(0x73baf000,0x73c00000)]
  0x73d5dc00 JavaThread "process reaper" daemon [_thread_blocked, id=12180, stack(0x74064000,0x7407d000)]
  0x74214000 JavaThread "Service Thread" daemon [_thread_blocked, id=12172, stack(0x7430b000,0x7435c000)]
  0x748ec800 JavaThread "C1 CompilerThread1" daemon [_thread_blocked, id=12171, stack(0x740fe000,0x7417f000)]
=>0x748f3c00 JavaThread "C2 CompilerThread0" daemon [_thread_in_native, id=12170, stack(0x7417f000,0x74200000)]
  0x74834400 JavaThread "Signal Dispatcher" daemon [_thread_blocked, id=12168, stack(0x7443f000,0x74490000)]
  0x74816800 JavaThread "Finalizer" daemon [_thread_blocked, id=12167, stack(0x7493e000,0x7498f000)]
  0x74814000 JavaThread "Reference Handler" daemon [_thread_blocked, id=12166, stack(0x7498f000,0x749e0000)]
  0xb6609800 JavaThread "main" [_thread_blocked, id=12160, stack(0xb6794000,0xb67e5000)]

Other Threads:
  0x74811000 VMThread [stack: 0x76c30000,0x76cb1000] [id=12165]
  0x74215c00 WatcherThread [stack: 0x7407d000,0x740fe000] [id=12173]

VM state:not at safepoint (normal execution)

VM Mutex/Monitor currently owned by a thread: None

Heap:
 PSYoungGen      total 221184K, used 89459K [0x97200000, 0xa7200000, 0xa7200000)
  eden space 202752K, 35% used [0x97200000,0x9b78c4c0,0xa3800000)
  from space 18432K, 98% used [0xa3800000,0xa49d0988,0xa4a00000)
  to   space 30208K, 0% used [0xa5480000,0xa5480000,0xa7200000)
 ParOldGen       total 116736K, used 83050K [0x77200000, 0x7e400000, 0x97200000)
  object space 116736K, 71% used [0x77200000,0x7c31aa88,0x7e400000)
 Metaspace       used 40518K, capacity 41210K, committed 41216K, reserved 41264K

Card table byte_map: [0x7707f000,0x77200000] byte_map_base: 0x76cc6000

Marking Bits: (ParMarkBitMap*) 0xb71aad80
 Begin Bits: [0x75300000, 0x75f00000)
 End Bits:   [0x75f00000, 0x76b00000)

Polling page: 0xb77b2000

CodeCache: size=245760Kb used=14322Kb max_used=14322Kb free=231437Kb
 bounds [0xa75e6000, 0xa83ee000, 0xb65e6000]
 total_blobs=5873 nmethods=5403 adapters=381
 compilation: enabled

Compilation events (10 events):
Event: 48,966 Thread 0x748f3c00 nmethod 5626 0xa83c1f48 code [0xa83c2160, 0xa83c2b14]
Event: 48,966 Thread 0x748f3c00 3286       4       java.lang.String::lastIndexOf (151 bytes)
Event: 48,975 Thread 0x748f3c00 nmethod 3286 0xa83e0708 code [0xa83e0800, 0xa83e0a70]
Event: 48,975 Thread 0x748f3c00 3062  s    4       java.util.Hashtable::get (69 bytes)
Event: 48,982 Thread 0x748f3c00 nmethod 3062 0xa83e1f48 code [0xa83e2080, 0xa83e2410]
Event: 48,982 Thread 0x748f3c00 5432       4       java.util.concurrent.ConcurrentHashMap$Traverser::advance (188 bytes)
Event: 48,989 Thread 0x748f3c00 nmethod 5432 0xa83e1bc8 code [0xa83e1cc0, 0xa83e1e5c]
Event: 48,990 Thread 0x748f3c00 5205 %     4       org.codehaus.groovy.runtime.metaclass.MetaMethodIndex::clearCaches @ 2 (63 bytes)
Event: 48,998 Thread 0x748f3c00 nmethod 5205% 0xa83e1708 code [0xa83e1820, 0xa83e1a30]
Event: 48,998 Thread 0x748f3c00 5387       4       groovy.lang.MetaClassImpl::findPropertyMethod (356 bytes)

GC Heap History (10 events):
Event: 36,049 GC heap before
{Heap before GC invocations=32 (full 3):
 PSYoungGen      total 248320K, used 247176K [0x97200000, 0xa7200000, 0xa7200000)
  eden space 236544K, 100% used [0x97200000,0xa5900000,0xa5900000)
  from space 11776K, 90% used [0xa6600000,0xa70623e0,0xa7180000)
  to   space 12800K, 0% used [0xa5900000,0xa5900000,0xa6580000)
 ParOldGen       total 116736K, used 54999K [0x77200000, 0x7e400000, 0x97200000)
  object space 116736K, 47% used [0x77200000,0x7a7b5df8,0x7e400000)
 Metaspace       used 35302K, capacity 35890K, committed 35968K, reserved 36144K
Event: 36,171 GC heap after
Heap after GC invocations=32 (full 3):
 PSYoungGen      total 249344K, used 12795K [0x97200000, 0xa7200000, 0xa7200000)
  eden space 236544K, 0% used [0x97200000,0x97200000,0xa5900000)
  from space 12800K, 99% used [0xa5900000,0xa657eda8,0xa6580000)
  to   space 12800K, 0% used [0xa6580000,0xa6580000,0xa7200000)
 ParOldGen       total 116736K, used 57884K [0x77200000, 0x7e400000, 0x97200000)
  object space 116736K, 49% used [0x77200000,0x7aa872f0,0x7e400000)
 Metaspace       used 35302K, capacity 35890K, committed 35968K, reserved 36144K
}
Event: 39,694 GC heap before
{Heap before GC invocations=33 (full 3):
 PSYoungGen      total 249344K, used 249339K [0x97200000, 0xa7200000, 0xa7200000)
  eden space 236544K, 100% used [0x97200000,0xa5900000,0xa5900000)
  from space 12800K, 99% used [0xa5900000,0xa657eda8,0xa6580000)
  to   space 12800K, 0% used [0xa6580000,0xa6580000,0xa7200000)
 ParOldGen       total 116736K, used 57884K [0x77200000, 0x7e400000, 0x97200000)
  object space 116736K, 49% used [0x77200000,0x7aa872f0,0x7e400000)
 Metaspace       used 36484K, capacity 37090K, committed 37248K, reserved 38192K
Event: 39,907 GC heap after
Heap after GC invocations=33 (full 3):
 PSYoungGen      total 232960K, used 12793K [0x97200000, 0xa7200000, 0xa7200000)
  eden space 220160K, 0% used [0x97200000,0x97200000,0xa4900000)
  from space 12800K, 99% used [0xa6580000,0xa71fe528,0xa7200000)
  to   space 20992K, 0% used [0xa4900000,0xa4900000,0xa5d80000)
 ParOldGen       total 116736K, used 69109K [0x77200000, 0x7e400000, 0x97200000)
  object space 116736K, 59% used [0x77200000,0x7b57d6e0,0x7e400000)
 Metaspace       used 36484K, capacity 37090K, committed 37248K, reserved 38192K
}
Event: 43,244 GC heap before
{Heap before GC invocations=34 (full 3):
 PSYoungGen      total 232960K, used 230121K [0x97200000, 0xa7200000, 0xa7200000)
  eden space 220160K, 98% used [0x97200000,0xa463bf10,0xa4900000)
  from space 12800K, 99% used [0xa6580000,0xa71fe528,0xa7200000)
  to   space 20992K, 0% used [0xa4900000,0xa4900000,0xa5d80000)
 ParOldGen       total 116736K, used 69109K [0x77200000, 0x7e400000, 0x97200000)
  object space 116736K, 59% used [0x77200000,0x7b57d6e0,0x7e400000)
 Metaspace       used 37800K, capacity 38433K, committed 38528K, reserved 39216K
Event: 43,398 GC heap after
Heap after GC invocations=34 (full 3):
 PSYoungGen      total 241152K, used 20983K [0x97200000, 0xa7200000, 0xa7200000)
  eden space 220160K, 0% used [0x97200000,0x97200000,0xa4900000)
  from space 20992K, 99% used [0xa4900000,0xa5d7df80,0xa5d80000)
  to   space 20992K, 0% used [0xa5d80000,0xa5d80000,0xa7200000)
 ParOldGen       total 116736K, used 70853K [0x77200000, 0x7e400000, 0x97200000)
  object space 116736K, 60% used [0x77200000,0x7b7317c0,0x7e400000)
 Metaspace       used 37800K, capacity 38433K, committed 38528K, reserved 39216K
}
Event: 45,683 GC heap before
{Heap before GC invocations=35 (full 3):
 PSYoungGen      total 241152K, used 241143K [0x97200000, 0xa7200000, 0xa7200000)
  eden space 220160K, 100% used [0x97200000,0xa4900000,0xa4900000)
  from space 20992K, 99% used [0xa4900000,0xa5d7df80,0xa5d80000)
  to   space 20992K, 0% used [0xa5d80000,0xa5d80000,0xa7200000)
 ParOldGen       total 116736K, used 70853K [0x77200000, 0x7e400000, 0x97200000)
  object space 116736K, 60% used [0x77200000,0x7b7317c0,0x7e400000)
 Metaspace       used 38523K, capacity 39186K, committed 39296K, reserved 40240K
Event: 45,844 GC heap after
Heap after GC invocations=35 (full 3):
 PSYoungGen      total 223744K, used 20989K [0x97200000, 0xa7200000, 0xa7200000)
  eden space 202752K, 0% used [0x97200000,0x97200000,0xa3800000)
  from space 20992K, 99% used [0xa5d80000,0xa71ff580,0xa7200000)
  to   space 29696K, 0% used [0xa3800000,0xa3800000,0xa5500000)
 ParOldGen       total 116736K, used 77513K [0x77200000, 0x7e400000, 0x97200000)
  object space 116736K, 66% used [0x77200000,0x7bdb2490,0x7e400000)
 Metaspace       used 38523K, capacity 39186K, committed 39296K, reserved 40240K
}
Event: 47,534 GC heap before
{Heap before GC invocations=36 (full 3):
 PSYoungGen      total 223744K, used 223741K [0x97200000, 0xa7200000, 0xa7200000)
  eden space 202752K, 100% used [0x97200000,0xa3800000,0xa3800000)
  from space 20992K, 99% used [0xa5d80000,0xa71ff580,0xa7200000)
  to   space 29696K, 0% used [0xa3800000,0xa3800000,0xa5500000)
 ParOldGen       total 116736K, used 77513K [0x77200000, 0x7e400000, 0x97200000)
  object space 116736K, 66% used [0x77200000,0x7bdb2490,0x7e400000)
 Metaspace       used 39735K, capacity 40418K, committed 40448K, reserved 41264K
Event: 47,694 GC heap after
Heap after GC invocations=36 (full 3):
 PSYoungGen      total 221184K, used 18242K [0x97200000, 0xa7200000, 0xa7200000)
  eden space 202752K, 0% used [0x97200000,0x97200000,0xa3800000)
  from space 18432K, 98% used [0xa3800000,0xa49d0988,0xa4a00000)
  to   space 30208K, 0% used [0xa5480000,0xa5480000,0xa7200000)
 ParOldGen       total 116736K, used 83050K [0x77200000, 0x7e400000, 0x97200000)
  object space 116736K, 71% used [0x77200000,0x7c31aa88,0x7e400000)
 Metaspace       used 39735K, capacity 40418K, committed 40448K, reserved 41264K
}

Deoptimization events (10 events):
Event: 30,906 Thread 0x093f7c00 Uncommon trap: reason=unreached action=reinterpret pc=0xa77ae8d8 method=java.util.HashMap.getNode(ILjava/lang/Object;)Ljava/util/HashMap$Node; @ 84
Event: 33,462 Thread 0x093f7c00 Uncommon trap: reason=class_check action=maybe_recompile pc=0xa7bf86bc method=java.util.regex.Matcher.search(I)Z @ 86
Event: 33,462 Thread 0x093f7c00 Uncommon trap: reason=class_check action=maybe_recompile pc=0xa7bf86bc method=java.util.regex.Matcher.search(I)Z @ 86
Event: 33,465 Thread 0x093f7c00 Uncommon trap: reason=class_check action=maybe_recompile pc=0xa7bf86bc method=java.util.regex.Matcher.search(I)Z @ 86
Event: 33,465 Thread 0x093f7c00 Uncommon trap: reason=class_check action=maybe_recompile pc=0xa7bf86bc method=java.util.regex.Matcher.search(I)Z @ 86
Event: 33,571 Thread 0x093f7c00 Uncommon trap: reason=null_assert action=make_not_entrant pc=0xa7d4f0ec method=java.util.concurrent.ConcurrentHashMap.putVal(Ljava/lang/Object;Ljava/lang/Object;Z)Ljava/lang/Object; @ 264
Event: 48,888 Thread 0x093f7c00 Uncommon trap: reason=class_check action=maybe_recompile pc=0xa83df2c0 method=org.codehaus.groovy.runtime.metaclass.MetaMethodIndex.addMethodToList(Ljava/lang/Object;Lgroovy/lang/MetaMethod;)Ljava/lang/Object; @ 68
Event: 48,888 Thread 0x093f7c00 Uncommon trap: reason=class_check action=maybe_recompile pc=0xa83df2c0 method=org.codehaus.groovy.runtime.metaclass.MetaMethodIndex.addMethodToList(Ljava/lang/Object;Lgroovy/lang/MetaMethod;)Ljava/lang/Object; @ 68
Event: 48,888 Thread 0x093f7c00 Uncommon trap: reason=bimorphic action=maybe_recompile pc=0xa83df11c method=org.codehaus.groovy.runtime.metaclass.MetaMethodIndex.addMethodToList(Ljava/lang/Object;Lgroovy/lang/MetaMethod;)Ljava/lang/Object; @ 97
Event: 48,888 Thread 0x093f7c00 Uncommon trap: reason=bimorphic action=maybe_recompile pc=0xa83df11c method=org.codehaus.groovy.runtime.metaclass.MetaMethodIndex.addMethodToList(Ljava/lang/Object;Lgroovy/lang/MetaMethod;)Ljava/lang/Object; @ 97

Internal exceptions (10 events):
Event: 49,064 Thread 0x093f7c00 Exception <a 'java/security/PrivilegedActionException'> (0x9b4506f8) thrown at [/HUDSON/workspace/8-2-build-linux-i586/jdk8u11/648/hotspot/src/share/vm/prims/jvm.cpp, line 1248]
Event: 49,064 Thread 0x093f7c00 Exception <a 'java/security/PrivilegedActionException'> (0x9b454518) thrown at [/HUDSON/workspace/8-2-build-linux-i586/jdk8u11/648/hotspot/src/share/vm/prims/jvm.cpp, line 1248]
Event: 49,067 Thread 0x093f7c00 Exception <a 'java/security/PrivilegedActionException'> (0x9b472928) thrown at [/HUDSON/workspace/8-2-build-linux-i586/jdk8u11/648/hotspot/src/share/vm/prims/jvm.cpp, line 1248]
Event: 49,068 Thread 0x093f7c00 Exception <a 'java/security/PrivilegedActionException'> (0x9b477798) thrown at [/HUDSON/workspace/8-2-build-linux-i586/jdk8u11/648/hotspot/src/share/vm/prims/jvm.cpp, line 1248]
Event: 49,071 Thread 0x093f7c00 Exception <a 'java/security/PrivilegedActionException'> (0x9b493090) thrown at [/HUDSON/workspace/8-2-build-linux-i586/jdk8u11/648/hotspot/src/share/vm/prims/jvm.cpp, line 1248]
Event: 49,071 Thread 0x093f7c00 Exception <a 'java/security/PrivilegedActionException'> (0x9b4963e0) thrown at [/HUDSON/workspace/8-2-build-linux-i586/jdk8u11/648/hotspot/src/share/vm/prims/jvm.cpp, line 1248]
Event: 49,073 Thread 0x093f7c00 Exception <a 'java/security/PrivilegedActionException'> (0x9b4b99a8) thrown at [/HUDSON/workspace/8-2-build-linux-i586/jdk8u11/648/hotspot/src/share/vm/prims/jvm.cpp, line 1248]
Event: 49,073 Thread 0x093f7c00 Exception <a 'java/security/PrivilegedActionException'> (0x9b4bcc68) thrown at [/HUDSON/workspace/8-2-build-linux-i586/jdk8u11/648/hotspot/src/share/vm/prims/jvm.cpp, line 1248]
Event: 49,075 Thread 0x093f7c00 Exception <a 'java/security/PrivilegedActionException'> (0x9b4d5a88) thrown at [/HUDSON/workspace/8-2-build-linux-i586/jdk8u11/648/hotspot/src/share/vm/prims/jvm.cpp, line 1248]
Event: 49,075 Thread 0x093f7c00 Exception <a 'java/security/PrivilegedActionException'> (0x9b4d8810) thrown at [/HUDSON/workspace/8-2-build-linux-i586/jdk8u11/648/hotspot/src/share/vm/prims/jvm.cpp, line 1248]

Events (10 events):
Event: 49,064 loading class org/grails/datastore/gorm/support/EventTriggerCaller$NoopCaller
Event: 49,064 loading class org/grails/datastore/gorm/support/EventTriggerCaller$NoopCaller done
Event: 49,067 loading class org/grails/datastore/gorm/support/BeforeValidateHelper$BeforeValidateEventTriggerCaller
Event: 49,067 loading class org/grails/datastore/gorm/support/BeforeValidateHelper$BeforeValidateEventTriggerCaller done
Event: 49,071 loading class org/hibernate/action/internal/EntityUpdateAction
Event: 49,071 loading class org/hibernate/action/internal/EntityUpdateAction done
Event: 49,073 loading class org/hibernate/action/internal/EntityAction
Event: 49,073 loading class org/hibernate/action/internal/EntityAction done
Event: 49,074 loading class org/hibernate/action/spi/Executable
Event: 49,074 loading class org/hibernate/action/spi/Executable done


Dynamic libraries:
08048000-08049000 r-xp 00000000 08:15 3154870    /usr/lib/jvm/jdk1.8.0_11/bin/java
08049000-0804a000 rw-p 00000000 08:15 3154870    /usr/lib/jvm/jdk1.8.0_11/bin/java
08f8d000-09cf5000 rw-p 00000000 00:00 0          [heap]
6fa83000-6fd09000 rw-p 00000000 00:00 0 
6fe00000-6ff00000 rw-p 00000000 00:00 0 
6ff00000-6ffc4000 rw-p 00000000 00:00 0 
6ffc4000-70000000 ---p 00000000 00:00 0 
70000000-70100000 rw-p 00000000 00:00 0 
70100000-701f8000 rw-p 00000000 00:00 0 
701f8000-70200000 ---p 00000000 00:00 0 
70200000-70300000 rw-p 00000000 00:00 0 
70300000-70400000 rw-p 00000000 00:00 0 
70400000-704fd000 rw-p 00000000 00:00 0 
704fd000-70500000 ---p 00000000 00:00 0 
70500000-70600000 rw-p 00000000 00:00 0 
70600000-70700000 rw-p 00000000 00:00 0 
70700000-70800000 rw-p 00000000 00:00 0 
70800000-708f7000 rw-p 00000000 00:00 0 
708f7000-70900000 ---p 00000000 00:00 0 
7095e000-70961000 ---p 00000000 00:00 0 
70961000-709af000 rw-p 00000000 00:00 0 
709af000-709b2000 ---p 00000000 00:00 0 
709b2000-70b00000 rw-p 00000000 00:00 0          [stack:12238]
70b00000-70c00000 rw-p 00000000 00:00 0 
70c00000-70df5000 rw-p 00000000 00:00 0 
70df5000-70e00000 ---p 00000000 00:00 0 
70e00000-70f00000 rw-p 00000000 00:00 0 
70f00000-71000000 rw-p 00000000 00:00 0 
71000000-710fa000 rw-p 00000000 00:00 0 
710fa000-71100000 ---p 00000000 00:00 0 
71100000-71200000 rw-p 00000000 00:00 0 
71200000-71300000 rw-p 00000000 00:00 0 
71300000-713fa000 rw-p 00000000 00:00 0 
713fa000-71400000 ---p 00000000 00:00 0 
71400000-71500000 rw-p 00000000 00:00 0 
71500000-71600000 rw-p 00000000 00:00 0 
71600000-71700000 rw-p 00000000 00:00 0 
71700000-717f6000 rw-p 00000000 00:00 0 
717f6000-71800000 ---p 00000000 00:00 0 
71800000-718ff000 rw-p 00000000 00:00 0 
718ff000-71900000 ---p 00000000 00:00 0 
71900000-71a00000 rw-p 00000000 00:00 0 
71a00000-71af9000 rw-p 00000000 00:00 0 
71af9000-71b00000 ---p 00000000 00:00 0 
71b00000-71bff000 rw-p 00000000 00:00 0 
71bff000-71c00000 ---p 00000000 00:00 0 
71c00000-71d00000 rw-p 00000000 00:00 0 
71d00000-71e00000 rw-p 00000000 00:00 0 
71e00000-71f00000 rw-p 00000000 00:00 0 
71f00000-71ffe000 rw-p 00000000 00:00 0 
71ffe000-72000000 ---p 00000000 00:00 0 
7200d000-72010000 ---p 00000000 00:00 0 
72010000-7215e000 rw-p 00000000 00:00 0          [stack:12234]
7215e000-7225e000 rw-p 00000000 00:00 0 
7225e000-7235e000 rw-p 00000000 00:00 0 
7235e000-72361000 ---p 00000000 00:00 0 
72361000-724a9000 rw-p 00000000 00:00 0          [stack:12221]
724a9000-724af000 ---p 00000000 00:00 0 
724af000-724b2000 ---p 00000000 00:00 0 
724b2000-72500000 rw-p 00000000 00:00 0          [stack:12211]
72500000-725fd000 rw-p 00000000 00:00 0 
725fd000-72600000 ---p 00000000 00:00 0 
72600000-72700000 rw-p 00000000 00:00 0 
72700000-72800000 rw-p 00000000 00:00 0 
72800000-72900000 rw-p 00000000 00:00 0 
72900000-72a00000 rw-p 00000000 00:00 0 
72a00000-72afb000 rw-p 00000000 00:00 0 
72afb000-72b00000 ---p 00000000 00:00 0 
72b2f000-72b42000 r--s 00346000 08:15 538898     /usr/lib/jvm/jdk1.8.0_11/jre/lib/resources.jar
72b42000-72b45000 r--s 00012000 08:15 2495696    /home/hema/Programas/ggts-bundle/grails-2.4.3/lib/javax.servlet/javax.servlet-api/jars/javax.servlet-api-3.0.1.jar
72b45000-72b4a000 r--s 00040000 08:15 2495188    /home/hema/Programas/ggts-bundle/grails-2.4.3/dist/grails-project-api-2.4.3.jar
72b4a000-72b5b000 r--s 000d2000 08:15 1710601    /home/hema/.m2/repository/org/liquibase/liquibase-core/2.0.5/liquibase-core-2.0.5.jar
72b5b000-72b5f000 r--s 0000c000 08:15 1583475    /home/hema/.m2/repository/javax/validation/validation-api/1.1.0.Final/validation-api-1.1.0.Final.jar
72b5f000-72b65000 r--s 0004c000 08:15 2495968    /home/hema/Programas/ggts-bundle/grails-2.4.3/lib/org.grails/grails-datastore-simple/jars/grails-datastore-simple-3.1.2.RELEASE.jar
72b65000-72b6a000 r--s 00048000 08:15 1583460    /home/hema/.m2/repository/dom4j/dom4j/1.6.1/dom4j-1.6.1.jar
72b6a000-72b6d000 r--s 00010000 08:15 1583473    /home/hema/.m2/repository/org/hibernate/common/hibernate-commons-annotations/4.0.4.Final/hibernate-commons-annotations-4.0.4.Final.jar
72b6d000-72b75000 r--s 00052000 08:15 1579639    /home/hema/.m2/repository/org/springframework/spring-orm/4.0.6.RELEASE/spring-orm-4.0.6.RELEASE.jar
72b75000-72b7b000 r--s 00041000 08:15 1714552    /home/hema/.m2/repository/org/grails/grails-datastore-gorm-hibernate-core/3.1.2.RELEASE/grails-datastore-gorm-hibernate-core-3.1.2.RELEASE.jar
72b7b000-72b83000 r--s 00062000 08:15 1714550    /home/hema/.m2/repository/org/grails/grails-datastore-gorm-hibernate4/3.1.2.RELEASE/grails-datastore-gorm-hibernate4-3.1.2.RELEASE.jar
72b83000-72b8d000 r--s 00081000 08:15 2495965    /home/hema/Programas/ggts-bundle/grails-2.4.3/lib/org.grails/grails-datastore-gorm/jars/grails-datastore-gorm-3.1.2.RELEASE.jar
72b8d000-72ba3000 r--s 000e6000 08:15 1320121    /home/hema/.m2/repository/net/sf/ehcache/ehcache-core/2.4.8/ehcache-core-2.4.8.jar
72ba3000-72c00000 r--s 004a0000 08:15 1583457    /home/hema/.m2/repository/org/hibernate/hibernate-core/4.3.5.Final/hibernate-core-4.3.5.Final.jar
72c00000-72cfc000 rw-p 00000000 00:00 0 
72cfc000-72d00000 ---p 00000000 00:00 0 
72d00000-72e00000 rw-p 00000000 00:00 0 
72e02000-72e0d000 r--s 00053000 08:15 2495962    /home/hema/Programas/ggts-bundle/grails-2.4.3/lib/org.grails/grails-datastore-core/jars/grails-datastore-core-3.1.2.RELEASE.jar
72e28000-72e2a000 rw-p 00000000 00:00 0 
72e2a000-72e30000 r--s 002f7000 08:15 538935     /usr/lib/jvm/jdk1.8.0_11/jre/lib/charsets.jar
72e30000-72e33000 ---p 00000000 00:00 0 
72e33000-72e81000 rw-p 00000000 00:00 0          [stack:12210]
72e81000-72e90000 r-xp 00000000 08:15 1059225    /usr/lib/jvm/jdk1.8.0_11/jre/lib/i386/libnio.so
72e90000-72e91000 rw-p 0000e000 08:15 1059225    /usr/lib/jvm/jdk1.8.0_11/jre/lib/i386/libnio.so
72e91000-72e99000 r-xp 00000000 08:15 1059202    /usr/lib/jvm/jdk1.8.0_11/jre/lib/i386/libmanagement.so
72e99000-72e9a000 rw-p 00007000 08:15 1059202    /usr/lib/jvm/jdk1.8.0_11/jre/lib/i386/libmanagement.so
72e9a000-72eae000 r-xp 00000000 08:15 1059220    /usr/lib/jvm/jdk1.8.0_11/jre/lib/i386/libnet.so
72eae000-72eaf000 rw-p 00014000 08:15 1059220    /usr/lib/jvm/jdk1.8.0_11/jre/lib/i386/libnet.so
72eaf000-72eb2000 ---p 00000000 00:00 0 
72eb2000-73000000 rw-p 00000000 00:00 0          [stack:12209]
73000000-73100000 rw-p 00000000 00:00 0 
73100000-731fc000 rw-p 00000000 00:00 0 
731fc000-73200000 ---p 00000000 00:00 0 
73200000-73201000 r--s 00002000 08:15 1710597    /home/hema/.m2/repository/org/jboss/logging/jboss-logging-annotations/1.2.0.Beta1/jboss-logging-annotations-1.2.0.Beta1.jar
73201000-73203000 r--s 0000a000 08:15 1714554    /home/hema/.m2/repository/org/grails/grails-datastore-gorm-plugin-support/3.1.2.RELEASE/grails-datastore-gorm-plugin-support-3.1.2.RELEASE.jar
73203000-73205000 r--s 0000d000 08:15 1583466    /home/hema/.m2/repository/org/jboss/logging/jboss-logging/3.1.0.GA/jboss-logging-3.1.0.GA.jar
73205000-73207000 r--s 00011000 08:15 1583458    /home/hema/.m2/repository/org/jboss/jandex/1.1.0.Final/jandex-1.1.0.Final.jar
73207000-7320c000 r--s 00068000 08:15 1583465    /home/hema/.m2/repository/antlr/antlr/2.7.7/antlr-2.7.7.jar
7320c000-7320d000 r--s 00006000 08:15 1583469    /home/hema/.m2/repository/org/jboss/spec/javax/transaction/jboss-transaction-api_1.2_spec/1.0.0.Final/jboss-transaction-api_1.2_spec-1.0.0.Final.jar
7320d000-73211000 r--s 0001e000 08:15 1583463    /home/hema/.m2/repository/org/hibernate/hibernate-ehcache/4.3.5.Final/hibernate-ehcache-4.3.5.Final.jar
73211000-7321e000 r--s 00080000 08:15 1583451    /home/hema/.m2/repository/org/hibernate/hibernate-validator/5.0.3.Final/hibernate-validator-5.0.3.Final.jar
7321e000-73222000 r--s 00027000 08:15 2495651    /home/hema/Programas/ggts-bundle/grails-2.4.3/lib/commons-io/commons-io/jars/commons-io-2.2.jar
73222000-7322f000 r--s 00109000 08:15 1583446    /home/hema/.m2/repository/org/mozilla/rhino/1.7R4/rhino-1.7R4.jar
7322f000-7332f000 rw-p 00000000 00:00 0 
7332f000-73331000 r--s 0000d000 08:15 1583453    /home/hema/.m2/repository/com/fasterxml/classmate/1.0.0/classmate-1.0.0.jar
73331000-7333a000 r--s 000a5000 08:15 1583449    /home/hema/.m2/repository/org/javassist/javassist/3.17.1-GA/javassist-3.17.1-GA.jar
7333a000-7333d000 r--s 00083000 08:15 2495209    /home/hema/Programas/ggts-bundle/grails-2.4.3/dist/grails-resources-2.4.3.jar
7333d000-7334a000 r--s 00189000 08:15 2495618    /home/hema/Programas/ggts-bundle/grails-2.4.3/lib/com.h2database/h2/jars/h2-1.3.176.jar
7334a000-7334c000 r--s 0000e000 08:15 2495041    /home/hema/Programas/ggts-bundle/grails-2.4.3/dist/grails-plugin-mimetypes-2.4.3.jar
7334c000-73350000 r--s 00021000 08:15 2494873    /home/hema/Programas/ggts-bundle/grails-2.4.3/dist/grails-plugin-converters-2.4.3.jar
73350000-73353000 r--s 00018000 08:15 2494936    /home/hema/Programas/ggts-bundle/grails-2.4.3/dist/grails-plugin-domain-class-2.4.3.jar
73353000-73354000 r--s 0000e000 08:15 2495866    /home/hema/Programas/ggts-bundle/grails-2.4.3/lib/org.codehaus.jsr166-mirror/jsr166y/jars/jsr166y-1.7.0.jar
73354000-73370000 r--s 00136000 08:15 2495853    /home/hema/Programas/ggts-bundle/grails-2.4.3/lib/org.codehaus.gpars/gpars/jars/gpars-1.2.1.jar
73370000-73372000 r--s 00011000 08:15 2492318    /home/hema/Programas/ggts-bundle/grails-2.4.3/dist/grails-async-2.4.3.jar
73372000-73374000 r--s 0000e000 08:15 2494810    /home/hema/Programas/ggts-bundle/grails-2.4.3/dist/grails-plugin-async-2.4.3.jar
73374000-73378000 r--s 00028000 08:15 2495662    /home/hema/Programas/ggts-bundle/grails-2.4.3/lib/commons-validator/commons-validator/jars/commons-validator-1.4.0.jar
73378000-7337b000 r--s 00012000 08:15 2495293    /home/hema/Programas/ggts-bundle/grails-2.4.3/dist/grails-validation-2.4.3.jar
7337b000-7337f000 r--s 00019000 08:15 2495605    /home/hema/Programas/ggts-bundle/grails-2.4.3/lib/com.googlecode.concurrentlinkedhashmap/concurrentlinkedhashmap-lru/jars/concurrentlinkedhashmap-lru-1.4.jar
7337f000-73381000 r--s 0000e000 08:15 2495146    /home/hema/Programas/ggts-bundle/grails-2.4.3/dist/grails-plugin-url-mappings-2.4.3.jar
73381000-73382000 r--s 00006000 08:15 2495104    /home/hema/Programas/ggts-bundle/grails-2.4.3/dist/grails-plugin-servlets-2.4.3.jar
73382000-73389000 r--s 00036000 08:15 2496105    /home/hema/Programas/ggts-bundle/grails-2.4.3/lib/org.springframework/spring-tx/jars/spring-tx-4.0.6.RELEASE.jar
73389000-7338b000 r--s 00009000 08:15 2495083    /home/hema/Programas/ggts-bundle/grails-2.4.3/dist/grails-plugin-services-2.4.3.jar
7338b000-7338c000 r--s 00001000 08:15 2496011    /home/hema/Programas/ggts-bundle/grails-2.4.3/lib/org.slf4j/jul-to-slf4j/jars/jul-to-slf4j-1.7.5.jar
7338c000-7339b000 r--s 00096000 08:15 2496111    /home/hema/Programas/ggts-bundle/grails-2.4.3/lib/org.springframework/spring-web/jars/spring-web-4.0.6.RELEASE.jar
7339b000-733a0000 r--s 0002e000 08:15 2494768    /home/hema/Programas/ggts-bundle/grails-2.4.3/dist/grails-encoder-2.4.3.jar
733a0000-733a6000 r--s 00033000 08:15 2495636    /home/hema/Programas/ggts-bundle/grails-2.4.3/lib/commons-codec/commons-codec/jars/commons-codec-1.6.jar
733a6000-733a8000 r--s 00012000 08:15 2494831    /home/hema/Programas/ggts-bundle/grails-2.4.3/dist/grails-plugin-codecs-2.4.3.jar
733a8000-733aa000 r--s 0000c000 08:15 2495440    /home/hema/Programas/ggts-bundle/grails-2.4.3/dist/grails-web-gsp-taglib-2.4.3.jar
733aa000-733b0000 r--s 00058000 08:15 2494978    /home/hema/Programas/ggts-bundle/grails-2.4.3/dist/grails-plugin-gsp-2.4.3.jar
733b0000-733b2000 r--s 0000b000 08:15 2494957    /home/hema/Programas/ggts-bundle/grails-2.4.3/dist/grails-plugin-filters-2.4.3.jar
733b2000-733b7000 r--s 00041000 08:15 2495658    /home/hema/Programas/ggts-bundle/grails-2.4.3/lib/commons-lang/commons-lang/jars/commons-lang-2.6.jar
733b7000-733bc000 r--s 00017000 08:15 2495988    /home/hema/Programas/ggts-bundle/grails-2.4.3/lib/org.hibernate.javax.persistence/hibernate-jpa-2.1-api/jars/hibernate-jpa-2.1-api-1.0.0.Final.jar
733bc000-733be000 r--s 00009000 08:15 2495251    /home/hema/Programas/ggts-bundle/grails-2.4.3/dist/grails-spring-2.4.3.jar
733be000-733c0000 r--s 00000000 08:15 2495566    /home/hema/Programas/ggts-bundle/grails-2.4.3/lib/aopalliance/aopalliance/jars/aopalliance-1.0.jar
733c0000-733d4000 r--s 000db000 08:15 2496081    /home/hema/Programas/ggts-bundle/grails-2.4.3/lib/org.springframework/spring-core/jars/spring-core-4.0.6.RELEASE.jar
733d4000-733d7000 r--s 00041000 08:15 2496144    /home/hema/Programas/ggts-bundle/grails-2.4.3/lib/xalan/serializer/jars/serializer-2.7.1.jar
733d7000-733e3000 r--s 00098000 08:15 2496066    /home/hema/Programas/ggts-bundle/grails-2.4.3/lib/org.springframework/spring-beans/jars/spring-beans-4.0.6.RELEASE.jar
733e3000-733f1000 r--s 000a8000 08:15 2494705    /home/hema/Programas/ggts-bundle/grails-2.4.3/dist/grails-core-2.4.3.jar
733f1000-733f5000 r--s 00020000 08:15 2494852    /home/hema/Programas/ggts-bundle/grails-2.4.3/dist/grails-plugin-controllers-2.4.3.jar
733f5000-733f9000 r--s 00019000 08:15 2495826    /home/hema/Programas/ggts-bundle/grails-2.4.3/lib/org.aspectj/aspectjrt/jars/aspectjrt-1.8.1.jar
733f9000-73400000 r--s 0004f000 08:15 2495419    /home/hema/Programas/ggts-bundle/grails-2.4.3/dist/grails-web-gsp-2.4.3.jar
73400000-734f7000 rw-p 00000000 00:00 0 
734f7000-73500000 ---p 00000000 00:00 0 
73500000-73600000 rw-p 00000000 00:00 0 
73600000-736fb000 rw-p 00000000 00:00 0 
736fb000-73700000 ---p 00000000 00:00 0 
73700000-737fa000 rw-p 00000000 00:00 0 
737fa000-73800000 ---p 00000000 00:00 0 
73800000-73900000 rw-p 00000000 00:00 0 
73900000-73a00000 rw-p 00000000 00:00 0 
73a00000-73afb000 rw-p 00000000 00:00 0 
73afb000-73b00000 ---p 00000000 00:00 0 
73b00000-73b01000 r--s 00000000 08:15 2494789    /home/hema/Programas/ggts-bundle/grails-2.4.3/dist/grails-logging-2.4.3.jar
73b01000-73b03000 r--s 00008000 08:15 2495167    /home/hema/Programas/ggts-bundle/grails-2.4.3/dist/grails-plugin-validation-2.4.3.jar
73b03000-73b1c000 r--s 001ae000 08:15 2495829    /home/hema/Programas/ggts-bundle/grails-2.4.3/lib/org.aspectj/aspectjweaver/jars/aspectjweaver-1.8.1.jar
73b1c000-73b20000 r--s 00023000 08:15 2495524    /home/hema/Programas/ggts-bundle/grails-2.4.3/dist/grails-web-url-mappings-2.4.3.jar
73b20000-73b24000 r--s 00024000 08:15 2495461    /home/hema/Programas/ggts-bundle/grails-2.4.3/dist/grails-web-jsp-2.4.3.jar
73b24000-73b26000 r--s 0000f000 08:15 2495647    /home/hema/Programas/ggts-bundle/grails-2.4.3/lib/commons-fileupload/commons-fileupload/jars/commons-fileupload-1.3.1.jar
73b26000-73b28000 r--s 0000b000 08:15 2496061    /home/hema/Programas/ggts-bundle/grails-2.4.3/lib/org.springframework/spring-aspects/jars/spring-aspects-4.0.6.RELEASE.jar
73b28000-73b34000 r--s 00096000 08:15 2496115    /home/hema/Programas/ggts-bundle/grails-2.4.3/lib/org.springframework/spring-webmvc/jars/spring-webmvc-4.0.6.RELEASE.jar
73b34000-73b38000 r--s 0001e000 08:15 2496076    /home/hema/Programas/ggts-bundle/grails-2.4.3/lib/org.springframework/spring-context-support/jars/spring-context-support-4.0.6.RELEASE.jar
73b38000-73b3d000 r--s 00030000 08:15 2495335    /home/hema/Programas/ggts-bundle/grails-2.4.3/dist/grails-web-common-2.4.3.jar
73b3d000-73b3f000 r--s 00009000 08:15 2495482    /home/hema/Programas/ggts-bundle/grails-2.4.3/dist/grails-web-mvc-2.4.3.jar
73b3f000-73b41000 r--s 00013000 08:15 2494726    /home/hema/Programas/ggts-bundle/grails-2.4.3/dist/grails-databinding-2.4.3.jar
73b41000-73b43000 r--s 0001d000 08:15 2495356    /home/hema/Programas/ggts-bundle/grails-2.4.3/dist/grails-web-databinding-2.4.3.jar
73b43000-73b49000 r--s 00027000 08:15 2495735    /home/hema/Programas/ggts-bundle/grails-2.4.3/lib/opensymphony/sitemesh/jars/sitemesh-2.4.jar
73b49000-73b4b000 r--s 0000b000 08:15 2495503    /home/hema/Programas/ggts-bundle/grails-2.4.3/dist/grails-web-sitemesh-2.4.3.jar
73b4b000-73b50000 r--s 0002a000 08:15 2495584    /home/hema/Programas/ggts-bundle/grails-2.4.3/lib/com.google.code.gson/gson/jars/gson-2.2.4.jar
73b50000-73b55000 r--s 0002e000 08:15 2496087    /home/hema/Programas/ggts-bundle/grails-2.4.3/lib/org.springframework/spring-expression/jars/spring-expression-4.0.6.RELEASE.jar
73b55000-73b5e000 r--s 0004e000 08:15 2496057    /home/hema/Programas/ggts-bundle/grails-2.4.3/lib/org.springframework/spring-aop/jars/spring-aop-4.0.6.RELEASE.jar
73b5e000-73b61000 ---p 00000000 00:00 0 
73b61000-73baf000 rw-p 00000000 00:00 0          [stack:12205]
73baf000-73bb2000 ---p 00000000 00:00 0 
73bb2000-73d00000 rw-p 00000000 00:00 0          [stack:12191]
73d00000-73e00000 rw-p 00000000 00:00 0 
73e00000-73f00000 rw-p 00000000 00:00 0 
73f00000-74000000 rw-p 00000000 00:00 0 
74000000-74001000 r--s 00005000 08:15 2494999    /home/hema/Programas/ggts-bundle/grails-2.4.3/dist/grails-plugin-i18n-2.4.3.jar
74001000-74003000 r--s 00009000 08:15 2495314    /home/hema/Programas/ggts-bundle/grails-2.4.3/dist/grails-web-2.4.3.jar
74003000-7401a000 r--s 000d8000 08:15 2496072    /home/hema/Programas/ggts-bundle/grails-2.4.3/lib/org.springframework/spring-context/jars/spring-context-4.0.6.RELEASE.jar
7401a000-74024000 r--s 0005e000 08:15 2496093    /home/hema/Programas/ggts-bundle/grails-2.4.3/lib/org.springframework/spring-jdbc/jars/spring-jdbc-4.0.6.RELEASE.jar
74024000-74026000 r--s 00008000 08:15 2495812    /home/hema/Programas/ggts-bundle/grails-2.4.3/lib/org.apache.tomcat/tomcat-juli/jars/tomcat-juli-7.0.50.jar
74026000-74042000 r--s 00393000 08:15 667940     /usr/lib/jvm/jdk1.8.0_11/jre/lib/ext/cldrdata.jar
74042000-74064000 r--p 00000000 08:15 3013619    /usr/share/locale-langpack/pt_BR/LC_MESSAGES/libc.mo
74064000-74067000 ---p 00000000 00:00 0 
74067000-7407d000 rw-p 00000000 00:00 0          [stack:12180]
7407d000-7407e000 ---p 00000000 00:00 0 
7407e000-740fe000 rw-p 00000000 00:00 0          [stack:12173]
740fe000-74101000 ---p 00000000 00:00 0 
74101000-7417f000 rw-p 00000000 00:00 0          [stack:12171]
7417f000-74182000 ---p 00000000 00:00 0 
74182000-74200000 rw-p 00000000 00:00 0          [stack:12170]
74200000-742f9000 rw-p 00000000 00:00 0 
742f9000-74300000 ---p 00000000 00:00 0 
74300000-74301000 r--s 00005000 08:15 2494894    /home/hema/Programas/ggts-bundle/grails-2.4.3/dist/grails-plugin-databinding-2.4.3.jar
74301000-7430b000 r--s 0021b000 08:15 667932     /usr/lib/jvm/jdk1.8.0_11/jre/lib/ext/localedata.jar
7430b000-7430e000 ---p 00000000 00:00 0 
7430e000-7435c000 rw-p 00000000 00:00 0          [stack:12172]
7435c000-743c7000 r--s 00685000 08:15 2495860    /home/hema/Programas/ggts-bundle/grails-2.4.3/lib/org.codehaus.groovy/groovy-all/jars/groovy-all-2.3.6.jar
743c7000-7443f000 r--s 010c6000 08:15 3028335    /usr/lib/jvm/jdk1.8.0_11/lib/tools.jar
7443f000-74442000 ---p 00000000 00:00 0 
74442000-74490000 rw-p 00000000 00:00 0          [stack:12168]
74490000-74600000 r--p 002ca000 08:15 2617143    /usr/lib/locale/locale-archive
74600000-74800000 r--p 00000000 08:15 2617143    /usr/lib/locale/locale-archive
74800000-748fb000 rw-p 00000000 00:00 0 
748fb000-74900000 ---p 00000000 00:00 0 
74900000-74902000 r--s 0001d000 08:15 2495807    /home/hema/Programas/ggts-bundle/grails-2.4.3/lib/org.apache.tomcat/tomcat-jdbc/jars/tomcat-jdbc-7.0.50.jar
74902000-74905000 r--s 00038000 08:15 2495062    /home/hema/Programas/ggts-bundle/grails-2.4.3/dist/grails-plugin-rest-2.4.3.jar
74905000-7490c000 r--s 00000000 08:15 2648808    /usr/lib/i386-linux-gnu/gconv/gconv-modules.cache
7490c000-7491c000 r--s 0019c000 08:15 1583134    /home/hema/.m2/repository/org/eclipse/jdt/core/compiler/ecj/3.7.2/ecj-3.7.2.jar
7491c000-7493e000 r--s 0026b000 08:15 1577557    /home/hema/.m2/repository/org/apache/tomcat/embed/tomcat-embed-core/7.0.55/tomcat-embed-core-7.0.55.jar
7493e000-74941000 ---p 00000000 00:00 0 
74941000-7498f000 rw-p 00000000 00:00 0          [stack:12167]
7498f000-74992000 ---p 00000000 00:00 0 
74992000-749e0000 rw-p 00000000 00:00 0          [stack:12166]
749e0000-74bb4000 r--s 03c50000 08:15 538944     /usr/lib/jvm/jdk1.8.0_11/jre/lib/rt.jar
74bb4000-74ffa000 rw-p 00000000 00:00 0 
74ffa000-75000000 ---p 00000000 00:00 0 
75000000-76b00000 rw-p 00000000 00:00 0 
76b00000-76bfc000 rw-p 00000000 00:00 0 
76bfc000-76c00000 ---p 00000000 00:00 0 
76c00000-76c02000 r--s 0000d000 08:15 2494915    /home/hema/Programas/ggts-bundle/grails-2.4.3/dist/grails-plugin-datasource-2.4.3.jar
76c02000-76c07000 r--s 00092000 08:15 538895     /usr/lib/jvm/jdk1.8.0_11/jre/lib/jsse.jar
76c07000-76c0d000 r--s 0005f000 08:15 2496120    /home/hema/Programas/ggts-bundle/grails-2.4.3/lib/org.springframework/springloaded/jars/springloaded-1.2.0.RELEASE.jar
76c0d000-76c12000 r--s 0002f000 08:15 1577554    /home/hema/.m2/repository/org/apache/tomcat/embed/tomcat-embed-websocket/7.0.55/tomcat-embed-websocket-7.0.55.jar
76c12000-76c1b000 r--s 0009f000 08:15 1577543    /home/hema/.m2/repository/org/apache/tomcat/embed/tomcat-embed-jasper/7.0.55/tomcat-embed-jasper-7.0.55.jar
76c1b000-76c30000 r--s 00116000 08:15 2495765    /home/hema/Programas/ggts-bundle/grails-2.4.3/lib/org.apache.ivy/ivy/jars/ivy-2.3.0.jar
76c30000-76c31000 ---p 00000000 00:00 0 
76c31000-76d00000 rw-p 00000000 00:00 0          [stack:12165]
76d00000-76d21000 rw-p 00000000 00:00 0 
76d21000-76e00000 ---p 00000000 00:00 0 
76e00000-76e02000 r--s 00001000 08:15 667933     /usr/lib/jvm/jdk1.8.0_11/jre/lib/ext/dnsns.jar
76e02000-76e03000 r-xp 00000000 08:15 1439253    /tmp/libjansi-32-5746118082658424293.so
76e03000-76e04000 rw-p 00000000 08:15 1439253    /tmp/libjansi-32-5746118082658424293.so
76e04000-76e22000 r--s 001bd000 08:15 2495739    /home/hema/Programas/ggts-bundle/grails-2.4.3/lib/org.apache.ant/ant/jars/ant-1.8.4.jar
76e22000-76e7d000 rw-p 00000000 00:00 0 
76e7d000-76e7e000 ---p 00000000 00:00 0 
76e7e000-76efe000 rw-p 00000000 00:00 0          [stack:12163]
76efe000-76eff000 ---p 00000000 00:00 0 
76eff000-76fb8000 rw-p 00000000 00:00 0          [stack:12162]
76fb8000-7707f000 ---p 00000000 00:00 0 
7707f000-770b8000 rw-p 00000000 00:00 0 
770b8000-7717f000 ---p 00000000 00:00 0 
7717f000-771ff000 rw-p 00000000 00:00 0 
771ff000-7e400000 rw-p 00000000 00:00 0 
7e400000-97200000 ---p 00000000 00:00 0 
97200000-a7200000 rw-p 00000000 00:00 0 
a7200000-a7201000 r--s 00000000 08:15 2495398    /home/hema/Programas/ggts-bundle/grails-2.4.3/dist/grails-web-fileupload-2.4.3.jar
a7201000-a7202000 r--s 00013000 08:15 2673557    /home/hema/git/sc/target/work/plugins/tomcat-7.0.55/grails-plugin-tomcat-7.0.55.jar
a7202000-a7204000 r--s 00013000 08:15 1577549    /home/hema/.m2/repository/org/apache/tomcat/embed/tomcat-embed-logging-log4j/7.0.55/tomcat-embed-logging-log4j-7.0.55.jar
a7204000-a7207000 r--s 00028000 08:15 1577550    /home/hema/.m2/repository/org/apache/tomcat/embed/tomcat-embed-el/7.0.55/tomcat-embed-el-7.0.55.jar
a7207000-a7209000 r--s 0000c000 08:15 1577540    /home/hema/.m2/repository/org/apache/tomcat/tomcat-catalina-ant/7.0.55/tomcat-catalina-ant-7.0.55.jar
a7209000-a720b000 r--s 0001a000 08:15 2495958    /home/hema/Programas/ggts-bundle/grails-2.4.3/lib/org.fusesource.jansi/jansi/jars/jansi-1.11.jar
a720b000-a720e000 r--s 00018000 08:15 2495742    /home/hema/Programas/ggts-bundle/grails-2.4.3/lib/org.apache.ant/ant-junit/jars/ant-junit-1.8.4.jar
a720e000-a720f000 r--s 00001000 08:15 2495748    /home/hema/Programas/ggts-bundle/grails-2.4.3/lib/org.apache.ant/ant-trax/jars/ant-trax-1.7.1.jar
a720f000-a721d000 r--s 000db000 08:15 2494684    /home/hema/Programas/ggts-bundle/grails-2.4.3/dist/grails-bootstrap-2.4.3.jar
a721d000-a7226000 r--s 0006f000 08:15 2495726    /home/hema/Programas/ggts-bundle/grails-2.4.3/lib/log4j/log4j/jars/log4j-1.2.17.jar
a7226000-a725f000 rw-p 00000000 00:00 0 
a725f000-a75e6000 ---p 00000000 00:00 0 
a75e6000-a83ee000 rwxp 00000000 00:00 0 
a83ee000-b65e6000 ---p 00000000 00:00 0 
b65e6000-b65ff000 r-xp 00000000 08:15 1059238    /usr/lib/jvm/jdk1.8.0_11/jre/lib/i386/libzip.so
b65ff000-b6600000 rw-p 00018000 08:15 1059238    /usr/lib/jvm/jdk1.8.0_11/jre/lib/i386/libzip.so
b6600000-b66f8000 rw-p 00000000 00:00 0 
b66f8000-b6700000 ---p 00000000 00:00 0 
b6700000-b6701000 r--s 00004000 08:15 2495745    /home/hema/Programas/ggts-bundle/grails-2.4.3/lib/org.apache.ant/ant-launcher/jars/ant-launcher-1.8.4.jar
b6701000-b6705000 r--s 00031000 08:15 2495713    /home/hema/Programas/ggts-bundle/grails-2.4.3/lib/jline/jline/jars/jline-2.12.jar
b6705000-b6707000 r--s 00005000 08:15 2496017    /home/hema/Programas/ggts-bundle/grails-2.4.3/lib/org.slf4j/slf4j-api/jars/slf4j-api-1.7.5.jar
b6707000-b670a000 r--s 0000d000 08:15 2495020    /home/hema/Programas/ggts-bundle/grails-2.4.3/dist/grails-plugin-log4j-2.4.3.jar
b670a000-b670c000 r--s 00013000 08:15 2495818    /home/hema/Programas/ggts-bundle/grails-2.4.3/lib/org.apache.tomcat.embed/tomcat-embed-logging-log4j/jars/tomcat-embed-logging-log4j-7.0.50.jar
b670c000-b6711000 r--s 00050000 08:15 2495846    /home/hema/Programas/ggts-bundle/grails-2.4.3/lib/org.codehaus.gant/gant_groovy1.8/jars/gant_groovy1.8-1.9.6.jar
b6711000-b671c000 r-xp 00000000 08:15 531726     /lib/i386-linux-gnu/libnss_files-2.19.so
b671c000-b671d000 r--p 0000a000 08:15 531726     /lib/i386-linux-gnu/libnss_files-2.19.so
b671d000-b671e000 rw-p 0000b000 08:15 531726     /lib/i386-linux-gnu/libnss_files-2.19.so
b671e000-b6728000 r-xp 00000000 08:15 531730     /lib/i386-linux-gnu/libnss_nis-2.19.so
b6728000-b6729000 r--p 00009000 08:15 531730     /lib/i386-linux-gnu/libnss_nis-2.19.so
b6729000-b672a000 rw-p 0000a000 08:15 531730     /lib/i386-linux-gnu/libnss_nis-2.19.so
b672a000-b673f000 r-xp 00000000 08:15 531746     /lib/i386-linux-gnu/libnsl-2.19.so
b673f000-b6740000 r--p 00015000 08:15 531746     /lib/i386-linux-gnu/libnsl-2.19.so
b6740000-b6741000 rw-p 00016000 08:15 531746     /lib/i386-linux-gnu/libnsl-2.19.so
b6741000-b6743000 rw-p 00000000 00:00 0 
b6743000-b674a000 r-xp 00000000 08:15 531725     /lib/i386-linux-gnu/libnss_compat-2.19.so
b674a000-b674b000 r--p 00006000 08:15 531725     /lib/i386-linux-gnu/libnss_compat-2.19.so
b674b000-b674c000 rw-p 00007000 08:15 531725     /lib/i386-linux-gnu/libnss_compat-2.19.so
b674c000-b675e000 rw-p 00000000 00:00 0 
b675e000-b6766000 rw-s 00000000 08:15 1591056    /tmp/hsperfdata_hema/12159
b6766000-b678a000 r-xp 00000000 08:15 1059208    /usr/lib/jvm/jdk1.8.0_11/jre/lib/i386/libjava.so
b678a000-b678b000 rw-p 00023000 08:15 1059208    /usr/lib/jvm/jdk1.8.0_11/jre/lib/i386/libjava.so
b678b000-b6792000 r-xp 00000000 08:15 524074     /lib/i386-linux-gnu/librt-2.19.so
b6792000-b6793000 r--p 00006000 08:15 524074     /lib/i386-linux-gnu/librt-2.19.so
b6793000-b6794000 rw-p 00007000 08:15 524074     /lib/i386-linux-gnu/librt-2.19.so
b6794000-b6797000 ---p 00000000 00:00 0 
b6797000-b67e5000 rw-p 00000000 00:00 0          [stack:12160]
b67e5000-b6829000 r-xp 00000000 08:15 531748     /lib/i386-linux-gnu/libm-2.19.so
b6829000-b682a000 r--p 00043000 08:15 531748     /lib/i386-linux-gnu/libm-2.19.so
b682a000-b682b000 rw-p 00044000 08:15 531748     /lib/i386-linux-gnu/libm-2.19.so
b682b000-b7133000 r-xp 00000000 08:15 1710873    /usr/lib/jvm/jdk1.8.0_11/jre/lib/i386/server/libjvm.so
b7133000-b719b000 rw-p 00908000 08:15 1710873    /usr/lib/jvm/jdk1.8.0_11/jre/lib/i386/server/libjvm.so
b719b000-b75bf000 rw-p 00000000 00:00 0 
b75bf000-b7768000 r-xp 00000000 08:15 531727     /lib/i386-linux-gnu/libc-2.19.so
b7768000-b776a000 r--p 001a9000 08:15 531727     /lib/i386-linux-gnu/libc-2.19.so
b776a000-b776b000 rw-p 001ab000 08:15 531727     /lib/i386-linux-gnu/libc-2.19.so
b776b000-b776e000 rw-p 00000000 00:00 0 
b776e000-b7771000 r-xp 00000000 08:15 531734     /lib/i386-linux-gnu/libdl-2.19.so
b7771000-b7772000 r--p 00002000 08:15 531734     /lib/i386-linux-gnu/libdl-2.19.so
b7772000-b7773000 rw-p 00003000 08:15 531734     /lib/i386-linux-gnu/libdl-2.19.so
b7773000-b7774000 rw-p 00000000 00:00 0 
b7774000-b7788000 r-xp 00000000 08:15 3028334    /usr/lib/jvm/jdk1.8.0_11/lib/i386/jli/libjli.so
b7788000-b7789000 rw-p 00013000 08:15 3028334    /usr/lib/jvm/jdk1.8.0_11/lib/i386/jli/libjli.so
b7789000-b77a1000 r-xp 00000000 08:15 531729     /lib/i386-linux-gnu/libpthread-2.19.so
b77a1000-b77a2000 r--p 00018000 08:15 531729     /lib/i386-linux-gnu/libpthread-2.19.so
b77a2000-b77a3000 rw-p 00019000 08:15 531729     /lib/i386-linux-gnu/libpthread-2.19.so
b77a3000-b77a5000 rw-p 00000000 00:00 0 
b77a5000-b77a7000 r--s 00003000 08:15 2496005    /home/hema/Programas/ggts-bundle/grails-2.4.3/lib/org.slf4j/jcl-over-slf4j/jars/jcl-over-slf4j-1.7.5.jar
b77a7000-b77b0000 r-xp 00000000 08:15 1059228    /usr/lib/jvm/jdk1.8.0_11/jre/lib/i386/libinstrument.so
b77b0000-b77b1000 rw-p 00008000 08:15 1059228    /usr/lib/jvm/jdk1.8.0_11/jre/lib/i386/libinstrument.so
b77b1000-b77b2000 rw-p 00000000 00:00 0 
b77b2000-b77b3000 r--p 00000000 00:00 0 
b77b3000-b77be000 r-xp 00000000 08:15 1059227    /usr/lib/jvm/jdk1.8.0_11/jre/lib/i386/libverify.so
b77be000-b77bf000 rw-p 0000b000 08:15 1059227    /usr/lib/jvm/jdk1.8.0_11/jre/lib/i386/libverify.so
b77bf000-b77c1000 rw-p 00000000 00:00 0 
b77c1000-b77c2000 r-xp 00000000 00:00 0          [vdso]
b77c2000-b77e2000 r-xp 00000000 08:15 531752     /lib/i386-linux-gnu/ld-2.19.so
b77e2000-b77e3000 r--p 0001f000 08:15 531752     /lib/i386-linux-gnu/ld-2.19.so
b77e3000-b77e4000 rw-p 00020000 08:15 531752     /lib/i386-linux-gnu/ld-2.19.so
bfbbe000-bfbbf000 rwxp 00000000 00:00 0 
bfbf0000-bfc12000 rw-p 00000000 00:00 0          [stack]

VM Arguments:
jvm_args: -Dfile.encoding=UTF-8 -Xmx768M -Xms64M -Dgrails.fork.parent.process.port=55356 -Dgrails.fork.active=true -Dgrails.build.execution.context=/tmp/scec5712227258509302454grails-execution-context -Dgrails.home=/home/hema/Programas/ggts-bundle/grails-2.4.3 -javaagent:/home/hema/Programas/ggts-bundle/grails-2.4.3/lib/org.springframework/springloaded/jars/springloaded-1.2.0.RELEASE.jar -Xverify:none -Dspringloaded.synchronize=true -Djdk.reflect.allowGetCallerClass=true -Dspringloaded=profile=grails;cacheDir=/home/hema/.grails/2.4.3 
java_command: org.grails.plugins.tomcat.fork.ForkedTomcatServer
java_class_path (initial): /usr/lib/jvm/jdk1.8.0_11/lib/tools.jar:/home/hema/Programas/ggts-bundle/grails-2.4.3/lib/org.codehaus.groovy/groovy-all/jars/groovy-all-2.3.6.jar:/home/hema/Programas/ggts-bundle/grails-2.4.3/lib/org.slf4j/jcl-over-slf4j/jars/jcl-over-slf4j-1.7.5.jar:/home/hema/Programas/ggts-bundle/grails-2.4.3/lib/org.codehaus.gant/gant_groovy1.8/jars/gant_groovy1.8-1.9.6.jar:/home/hema/Programas/ggts-bundle/grails-2.4.3/lib/org.apache.tomcat.embed/tomcat-embed-logging-log4j/jars/tomcat-embed-logging-log4j-7.0.50.jar:/home/hema/Programas/ggts-bundle/grails-2.4.3/dist/grails-plugin-log4j-2.4.3.jar:/home/hema/Programas/ggts-bundle/grails-2.4.3/lib/log4j/log4j/jars/log4j-1.2.17.jar:/home/hema/Programas/ggts-bundle/grails-2.4.3/dist/grails-bootstrap-2.4.3.jar:/home/hema/Programas/ggts-bundle/grails-2.4.3/lib/org.slf4j/slf4j-api/jars/slf4j-api-1.7.5.jar:/home/hema/Programas/ggts-bundle/grails-2.4.3/lib/jline/jline/jars/jline-2.12.jar:/home/hema/Programas/ggts-bundle/grails-2.4.3/lib/org.apache.ant/ant/jars/ant-1.8.4.jar:/home/hema/Programas/ggts-bundle/grails-2.4.3/lib/org.apache.ant/ant-launcher/jars/ant-launcher-1.8.4.jar:/home/hema/Programas/ggts-bundle/grails-2.4.3/lib/org.apache.ant/ant-trax/jars/ant-trax-1.7.1.jar:/home/hema/Programas/ggts-bundle/grails-2.4.3/lib/org.apache.ant/ant-junit/jars/ant-junit-1.8.4.jar:/home/hema/Programas/ggts-bundle/grails-2.4.3/lib/org.apache.ivy/ivy/jars/ivy-2.3.0.jar:/home/hema/Programas/ggts-bundle/grails-2.4.3/lib/org.fusesource.jansi/jansi/jars/jansi-1.11.jar:/home/hema/.m2/repository/org/apache/tomcat/tomcat-catalina-ant/7.0.55/tomcat-catalina-ant-7.0.55.jar:/home/hema/.m2/repository/org/apache/tomcat/embed/tomcat-embed-jasper/7.0.55/tomcat-embed-jasper-7.0.55.jar:/home/hema/.m2/repository/org/apache/tomcat/embed/tomcat-embed-el/7.0.55/tomcat-embed-el-7.0.55.jar:/home/hema/.m2/repository/org/apache/tomcat/embed/tomcat-embed-logging-log4j/7.0.55/tomcat-embed-logging-log4j-7.0.55.jar:/home/hema/.m2/repository/org/apac
Launcher Type: SUN_STANDARD

Environment Variables:
JAVA_HOME=/usr/lib/jvm/jdk1.8.0_11
PATH=:/home/hema/Programas/ggts-bundle/grails-2.4.3/bin:/usr/local/heroku/bin:/usr/local/sbin:/usr/local/bin:/usr/sbin:/usr/bin:/sbin:/bin:/usr/games:/usr/local/games:/home/hema/.rvm/bin:/home/hema/.rvm/bin
SHELL=/bin/bash
DISPLAY=:0

Signal Handlers:
SIGSEGV: [libjvm.so+0x863250], sa_mask[0]=0x7ffbfeff, sa_flags=0x10000004
SIGBUS: [libjvm.so+0x863250], sa_mask[0]=0x7ffbfeff, sa_flags=0x10000004
SIGFPE: [libjvm.so+0x6ef2b0], sa_mask[0]=0x7ffbfeff, sa_flags=0x10000004
SIGPIPE: [libjvm.so+0x6ef2b0], sa_mask[0]=0x7ffbfeff, sa_flags=0x10000004
SIGXFSZ: [libjvm.so+0x6ef2b0], sa_mask[0]=0x7ffbfeff, sa_flags=0x10000004
SIGILL: [libjvm.so+0x6ef2b0], sa_mask[0]=0x7ffbfeff, sa_flags=0x10000004
SIGUSR1: SIG_DFL, sa_mask[0]=0x00000000, sa_flags=0x00000000
SIGUSR2: [libjvm.so+0x6f09c0], sa_mask[0]=0x00000004, sa_flags=0x10000004
SIGHUP: [libjvm.so+0x6f1dd0], sa_mask[0]=0x7ffbfeff, sa_flags=0x10000004
SIGINT: [libjvm.so+0x6f1dd0], sa_mask[0]=0x7ffbfeff, sa_flags=0x10000004
SIGTERM: [libjvm.so+0x6f1dd0], sa_mask[0]=0x7ffbfeff, sa_flags=0x10000004
SIGQUIT: [libjvm.so+0x6f1dd0], sa_mask[0]=0x7ffbfeff, sa_flags=0x10000004


---------------  S Y S T E M  ---------------

OS:DISTRIB_ID=Ubuntu
DISTRIB_RELEASE=14.04
DISTRIB_CODENAME=trusty
DISTRIB_DESCRIPTION="Ubuntu 14.04.1 LTS"

uname:Linux 3.13.0-45-generic #74-Ubuntu SMP Tue Jan 13 19:37:48 UTC 2015 i686
libc:glibc 2.19 NPTL 2.19 
rlimit: STACK 8192k, CORE 0k, NPROC 31883, NOFILE 4096, AS infinity
load average:11,97 12,42 6,10

/proc/meminfo:
MemTotal:        4100308 kB
MemFree:          207668 kB
Buffers:           59564 kB
Cached:          1016584 kB
SwapCached:         3632 kB
Active:          2655640 kB
Inactive:        1026180 kB
Active(anon):    2274484 kB
Inactive(anon):   683484 kB
Active(file):     381156 kB
Inactive(file):   342696 kB
Unevictable:          16 kB
Mlocked:              16 kB
HighTotal:       3245512 kB
HighFree:          41804 kB
LowTotal:         854796 kB
LowFree:          165864 kB
SwapTotal:       4157436 kB
SwapFree:        4126960 kB
Dirty:                56 kB
Writeback:           296 kB
AnonPages:       2602084 kB
Mapped:           196088 kB
Shmem:            352292 kB
Slab:             161604 kB
SReclaimable:     136564 kB
SUnreclaim:        25040 kB
KernelStack:        5432 kB
PageTables:        20680 kB
NFS_Unstable:          0 kB
Bounce:              440 kB
WritebackTmp:          0 kB
CommitLimit:     6207588 kB
Committed_AS:    9597836 kB
VmallocTotal:     122880 kB
VmallocUsed:       15676 kB
VmallocChunk:     100916 kB
HardwareCorrupted:     0 kB
AnonHugePages:   1292288 kB
HugePages_Total:       0
HugePages_Free:        0
HugePages_Rsvd:        0
HugePages_Surp:        0
Hugepagesize:       2048 kB
DirectMap4k:       55288 kB
DirectMap2M:      858112 kB


CPU:total 2 (2 cores per cpu, 1 threads per core) family 6 model 15 stepping 13, cmov, cx8, fxsr, mmx, sse, sse2, sse3, ssse3, tsc

/proc/cpuinfo:
processor	: 0
vendor_id	: GenuineIntel
cpu family	: 6
model		: 15
model name	: Intel(R) Pentium(R) Dual  CPU  E2180  @ 2.00GHz
stepping	: 13
microcode	: 0xa3
cpu MHz		: 2003.000
cache size	: 1024 KB
physical id	: 0
siblings	: 2
core id		: 0
cpu cores	: 2
apicid		: 0
initial apicid	: 0
fdiv_bug	: no
f00f_bug	: no
coma_bug	: no
fpu		: yes
fpu_exception	: yes
cpuid level	: 10
wp		: yes
flags		: fpu vme de pse tsc msr pae mce cx8 apic sep mtrr pge mca cmov pat pse36 clflush dts acpi mmx fxsr sse sse2 ss ht tm pbe nx lm constant_tsc arch_perfmon pebs bts aperfmperf pni dtes64 monitor ds_cpl est tm2 ssse3 cx16 xtpr pdcm lahf_lm dtherm
bogomips	: 4017.96
clflush size	: 64
cache_alignment	: 64
address sizes	: 36 bits physical, 48 bits virtual
power management:

processor	: 1
vendor_id	: GenuineIntel
cpu family	: 6
model		: 15
model name	: Intel(R) Pentium(R) Dual  CPU  E2180  @ 2.00GHz
stepping	: 13
microcode	: 0xa3
cpu MHz		: 2003.000
cache size	: 1024 KB
physical id	: 0
siblings	: 2
core id		: 1
cpu cores	: 2
apicid		: 1
initial apicid	: 1
fdiv_bug	: no
f00f_bug	: no
coma_bug	: no
fpu		: yes
fpu_exception	: yes
cpuid level	: 10
wp		: yes
flags		: fpu vme de pse tsc msr pae mce cx8 apic sep mtrr pge mca cmov pat pse36 clflush dts acpi mmx fxsr sse sse2 ss ht tm pbe nx lm constant_tsc arch_perfmon pebs bts aperfmperf pni dtes64 monitor ds_cpl est tm2 ssse3 cx16 xtpr pdcm lahf_lm dtherm
bogomips	: 4017.96
clflush size	: 64
cache_alignment	: 64
address sizes	: 36 bits physical, 48 bits virtual
power management:



Memory: 4k page, physical 4100308k(208020k free), swap 4157436k(4126836k free)

vm_info: Java HotSpot(TM) Server VM (25.11-b03) for linux-x86 JRE (1.8.0_11-b12), built on Jun 16 2014 17:46:35 by "java_re" with gcc 4.3.0 20080428 (Red Hat 4.3.0-8)

time: Mon Mar  2 12:30:25 2015
elapsed time: 49 seconds

